{"/Users/trevor/workspace/TeanBlog/app/router.js": {"path":"/Users/trevor/workspace/TeanBlog/app/router.js","statementMap":{"0":{"start":{"line":6,"column":0},"end":{"line":10,"column":2}},"1":{"start":{"line":7,"column":33},"end":{"line":7,"column":36}},"2":{"start":{"line":9,"column":2},"end":{"line":9,"column":41}}},"fnMap":{"0":{"name":"(anonymous_0)","decl":{"start":{"line":6,"column":17},"end":{"line":6,"column":18}},"loc":{"start":{"line":6,"column":24},"end":{"line":10,"column":1}},"line":6}},"branchMap":{},"s":{"0":1,"1":1,"2":1},"f":{"0":1},"b":{},"_coverageSchema":"332fd63041d2c1bcb487cc26dd0d5f7d97098a6c","hash":"71f279779cf1b5b519acb10708cbcb7053ff8a08","contentHash":"8e674f9fd400e7f2cf08570adc4427cb_11.4.1"}
,"/Users/trevor/workspace/TeanBlog/app/controller/home.js": {"path":"/Users/trevor/workspace/TeanBlog/app/controller/home.js","statementMap":{"0":{"start":{"line":3,"column":19},"end":{"line":3,"column":44}},"1":{"start":{"line":7,"column":16},"end":{"line":7,"column":24}},"2":{"start":{"line":8,"column":4},"end":{"line":8,"column":78}},"3":{"start":{"line":12,"column":0},"end":{"line":12,"column":32}}},"fnMap":{"0":{"name":"(anonymous_0)","decl":{"start":{"line":6,"column":2},"end":{"line":6,"column":3}},"loc":{"start":{"line":6,"column":16},"end":{"line":9,"column":3}},"line":6}},"branchMap":{},"s":{"0":1,"1":1,"2":1,"3":1},"f":{"0":1},"b":{},"_coverageSchema":"332fd63041d2c1bcb487cc26dd0d5f7d97098a6c","hash":"4df041a6b2a6adaf3623155c0b446a208525d48c","contentHash":"05994500280198b35e97875b2b984faf_11.4.1"}
,"/Users/trevor/workspace/TeanBlog/config/config.default.js": {"path":"/Users/trevor/workspace/TeanBlog/config/config.default.js","statementMap":{"0":{"start":{"line":8,"column":0},"end":{"line":28,"column":2}},"1":{"start":{"line":9,"column":17},"end":{"line":9,"column":29}},"2":{"start":{"line":10,"column":15},"end":{"line":10,"column":30}},"3":{"start":{"line":11,"column":2},"end":{"line":11,"column":36}},"4":{"start":{"line":14,"column":2},"end":{"line":14,"column":25}},"5":{"start":{"line":17,"column":2},"end":{"line":19,"column":4}},"6":{"start":{"line":22,"column":2},"end":{"line":25,"column":4}},"7":{"start":{"line":27,"column":2},"end":{"line":27,"column":16}}},"fnMap":{"0":{"name":"(anonymous_0)","decl":{"start":{"line":8,"column":17},"end":{"line":8,"column":18}},"loc":{"start":{"line":8,"column":24},"end":{"line":28,"column":1}},"line":8}},"branchMap":{},"s":{"0":1,"1":4,"2":4,"3":4,"4":4,"5":4,"6":4,"7":4},"f":{"0":4},"b":{},"_coverageSchema":"332fd63041d2c1bcb487cc26dd0d5f7d97098a6c","hash":"95201eabf10aa6f3def226320aad3888301dc5d4","contentHash":"69d85f4384f1edce0a5fcf897b66837b_11.4.1"}
,"/Users/trevor/workspace/TeanBlog/config/plugin.js": {"path":"/Users/trevor/workspace/TeanBlog/config/plugin.js","statementMap":{"0":{"start":{"line":4,"column":0},"end":{"line":7,"column":2}}},"fnMap":{},"branchMap":{},"s":{"0":1},"f":{},"b":{},"_coverageSchema":"332fd63041d2c1bcb487cc26dd0d5f7d97098a6c","hash":"6e89140d74830c2fa825ec58a22ea7f543d94251","contentHash":"f446a5d3427819eea6fdc0eb8b72869a_11.4.1"}
}
