TN:
SF:/Users/trevor/workspace/TeanBlog/app/router.js
FN:6,(anonymous_0)
FNF:1
FNH:1
FNDA:1,(anonymous_0)
DA:6,1
DA:7,1
DA:9,1
LF:3
LH:3
BRF:0
BRH:0
end_of_record
TN:
SF:/Users/trevor/workspace/TeanBlog/app/controller/home.js
FN:6,(anonymous_0)
FNF:1
FNH:1
FNDA:1,(anonymous_0)
DA:3,1
DA:7,1
DA:8,1
DA:12,1
LF:4
LH:4
BRF:0
BRH:0
end_of_record
TN:
SF:/Users/trevor/workspace/TeanBlog/config/config.default.js
FN:8,(anonymous_0)
FNF:1
FNH:1
FNDA:4,(anonymous_0)
DA:8,1
DA:9,4
DA:10,4
DA:11,4
DA:14,4
DA:17,4
DA:22,4
DA:27,4
LF:8
LH:8
BRF:0
BRH:0
end_of_record
TN:
SF:/Users/trevor/workspace/TeanBlog/config/plugin.js
FNF:0
FNH:0
DA:4,1
LF:1
LH:1
BRF:0
BRH:0
end_of_record
